2025-03-09 04:19:21,723 - train_voc.py - INFO: Pytorch version: 1.13.1
2025-03-09 04:19:21,860 - train_voc.py - INFO: GPU type: NVIDIA GeForce RTX 4090
2025-03-09 04:19:21,861 - train_voc.py - INFO: 
args: Namespace(backend='nccl', betas=(0.9, 0.999), bkg_thre=0.5, cache_file='/mnt/sdb/feilong/zwyang/DiT_2025_server/datasets/dif/diffusion_v2_1_kv_cache_with_clustering_10_centroids_per_cls_with_bkg.pth', cam_scales=(1.0, 0.5, 0.75, 1.5), ckpt_dir='w_outputs/voc/2025-03/voc_iter_number_3_09-04-19-21/checkpoints', crop_size=320, data_folder='/mnt/sdb/feilong/zwyang/Datasets/VOC2012/', dataset_name='pascal_voc', embedding_dim=256, eval_iters=2000, high_thre=0.7, ignore_index=255, in_channels=768, iter_refine=3, list_folder='datasets/voc', local_rank=0, log_iters=200, log_tag='iter_number', low_thre=0.25, lr=0.0002, max_iters=20000, model='ExCEL_ViT-B/16', num_attri=112, num_classes=21, num_workers=10, optimizer='PolyWarmupAdamW', pooling='gmp', power=1, pred_dir='w_outputs/voc/2025-03/voc_iter_number_3_09-04-19-21/predictions', pretrained=True, radius=8, save_ckpt=True, seed=0, spg=4, tb_dir='w_outputs/voc/2025-03/voc_iter_number_3_09-04-19-21/tensorboards', tensorboard=False, train_set='train_aug', val_set='val', w_diver=0.1, w_seg=1.0, warmup_iters=50, warmup_lr=1e-06, work_dir='w_outputs/voc/2025-03/voc_iter_number_3_09-04-19-21', wt_decay=0.01)
2025-03-09 04:19:21,863 - distributed_c10d.py - INFO: Added key: store_based_barrier_key:1 to store for rank: 0
2025-03-09 04:19:21,863 - distributed_c10d.py - INFO: Rank 0: Completed store-based barrier for key:store_based_barrier_key:1 with 1 nodes.
2025-03-09 04:19:21,863 - train_voc.py - INFO: Total gpus: 1, samples per gpu: 4...
2025-03-09 04:19:29,786 - train_voc.py - INFO: 
Optimizer: 
PolyWarmupAdamW (
Parameter Group 0
    amsgrad: False
    betas: (0.9, 0.999)
    capturable: False
    eps: 1e-08
    foreach: None
    lr: 0.0002
    maximize: False
    weight_decay: 0.01

Parameter Group 1
    amsgrad: False
    betas: (0.9, 0.999)
    capturable: False
    eps: 1e-08
    foreach: None
    lr: 0.0002
    maximize: False
    weight_decay: 0.01

Parameter Group 2
    amsgrad: False
    betas: (0.9, 0.999)
    capturable: False
    eps: 1e-08
    foreach: None
    lr: 0.002
    maximize: False
    weight_decay: 0.01

Parameter Group 3
    amsgrad: False
    betas: (0.9, 0.999)
    capturable: False
    eps: 1e-08
    foreach: None
    lr: 0.002
    maximize: False
    weight_decay: 0.01
)
2025-03-09 04:20:54,947 - train_voc.py - INFO: Iter: 200; Elasped: 0:01:33; ETA: 2:33:27; LR: 1.980e-04; seg_loss: 2.1633, diver_loss: 0.4143, dynamic_cam_loss: 3.4998
2025-03-09 04:22:17,076 - train_voc.py - INFO: Iter: 400; Elasped: 0:02:56; ETA: 2:23:44; LR: 1.960e-04; seg_loss: 1.5808, diver_loss: 0.3884, dynamic_cam_loss: 1.5697
2025-03-09 04:23:40,357 - train_voc.py - INFO: Iter: 600; Elasped: 0:04:19; ETA: 2:19:34; LR: 1.940e-04; seg_loss: 1.2477, diver_loss: 0.3760, dynamic_cam_loss: 1.1880
2025-03-09 04:25:04,579 - train_voc.py - INFO: Iter: 800; Elasped: 0:05:43; ETA: 2:17:12; LR: 1.920e-04; seg_loss: 1.1106, diver_loss: 0.3709, dynamic_cam_loss: 0.9993
2025-03-09 04:26:28,606 - train_voc.py - INFO: Iter: 1000; Elasped: 0:07:07; ETA: 2:15:13; LR: 1.900e-04; seg_loss: 0.9835, diver_loss: 0.3592, dynamic_cam_loss: 0.9214
2025-03-09 04:27:52,753 - train_voc.py - INFO: Iter: 1200; Elasped: 0:08:31; ETA: 2:13:25; LR: 1.880e-04; seg_loss: 1.0868, diver_loss: 0.3720, dynamic_cam_loss: 0.9331
2025-03-09 04:29:14,786 - train_voc.py - INFO: Iter: 1400; Elasped: 0:09:53; ETA: 2:11:18; LR: 1.860e-04; seg_loss: 0.9505, diver_loss: 0.3687, dynamic_cam_loss: 0.8459
2025-03-09 04:30:37,243 - train_voc.py - INFO: Iter: 1600; Elasped: 0:11:16; ETA: 2:09:34; LR: 1.840e-04; seg_loss: 0.8922, diver_loss: 0.3694, dynamic_cam_loss: 0.7505
2025-03-09 04:32:00,959 - train_voc.py - INFO: Iter: 1800; Elasped: 0:12:39; ETA: 2:07:54; LR: 1.820e-04; seg_loss: 0.8715, diver_loss: 0.3612, dynamic_cam_loss: 0.7741
2025-03-09 04:33:24,993 - train_voc.py - INFO: Iter: 2000; Elasped: 0:14:03; ETA: 2:06:27; LR: 1.800e-04; seg_loss: 0.8979, diver_loss: 0.3641, dynamic_cam_loss: 0.7025
2025-03-09 04:33:24,994 - train_voc.py - INFO: Validating...
2025-03-09 04:41:44,413 - train_voc.py - INFO: 
+------------------+-----------------+-----------+
|      Class       | Attr_aff_Pseudo | Seg_Preds |
+==================+=================+===========+
| _background_     | 92.765          | 82.026    |
+------------------+-----------------+-----------+
| aeroplane        | 88.943          | 61.274    |
+------------------+-----------------+-----------+
| bicycle          | 53.709          | 32.438    |
+------------------+-----------------+-----------+
| bird             | 86.969          | 79.104    |
+------------------+-----------------+-----------+
| boat             | 71.207          | 0.002     |
+------------------+-----------------+-----------+
| bottle           | 74.315          | 58.497    |
+------------------+-----------------+-----------+
| bus              | 89.017          | 71.344    |
+------------------+-----------------+-----------+
| car              | 78.083          | 73.722    |
+------------------+-----------------+-----------+
| cat              | 92.807          | 78.822    |
+------------------+-----------------+-----------+
| chair            | 51.276          | 0.005     |
+------------------+-----------------+-----------+
| cow              | 89.223          | 69.918    |
+------------------+-----------------+-----------+
| diningtable      | 61.893          | 40.830    |
+------------------+-----------------+-----------+
| dog              | 91.527          | 78.810    |
+------------------+-----------------+-----------+
| horse            | 88.354          | 78.354    |
+------------------+-----------------+-----------+
| motorbike        | 80.984          | 64.403    |
+------------------+-----------------+-----------+
| person           | 79.605          | 75.115    |
+------------------+-----------------+-----------+
| pottedplant      | 53.287          | 5.304     |
+------------------+-----------------+-----------+
| sheep            | 93.031          | 77.206    |
+------------------+-----------------+-----------+
| sofa             | 69.900          | 33.912    |
+------------------+-----------------+-----------+
| train            | 81.194          | 60.394    |
+------------------+-----------------+-----------+
| tvmonitor        | 54.737          | 39.589    |
+------------------+-----------------+-----------+
| m-Precision      | 83.895          | 71.250    |
+------------------+-----------------+-----------+
| m-Recall         | 90.271          | 70.610    |
+------------------+-----------------+-----------+
| m-ConfutionRatio | 0.233           | 2.072     |
+------------------+-----------------+-----------+
| m-IoU            | 77.277          | 55.289    |
+------------------+-----------------+-----------+
2025-03-09 04:43:07,794 - train_voc.py - INFO: Iter: 2200; Elasped: 0:23:46; ETA: 3:12:17; LR: 1.780e-04; seg_loss: 0.9638, diver_loss: 0.3779, dynamic_cam_loss: 0.7302
2025-03-09 04:44:29,895 - train_voc.py - INFO: Iter: 2400; Elasped: 0:25:08; ETA: 3:04:18; LR: 1.760e-04; seg_loss: 0.7921, diver_loss: 0.3667, dynamic_cam_loss: 0.7021
2025-03-09 04:45:53,310 - train_voc.py - INFO: Iter: 2600; Elasped: 0:26:32; ETA: 2:57:34; LR: 1.740e-04; seg_loss: 0.8476, diver_loss: 0.3694, dynamic_cam_loss: 0.7054
2025-03-09 04:47:17,515 - train_voc.py - INFO: Iter: 2800; Elasped: 0:27:56; ETA: 2:51:35; LR: 1.720e-04; seg_loss: 0.7712, diver_loss: 0.3654, dynamic_cam_loss: 0.7081
2025-03-09 04:48:41,008 - train_voc.py - INFO: Iter: 3000; Elasped: 0:29:20; ETA: 2:46:13; LR: 1.700e-04; seg_loss: 0.7974, diver_loss: 0.3646, dynamic_cam_loss: 0.6693
2025-03-09 04:50:03,719 - train_voc.py - INFO: Iter: 3200; Elasped: 0:30:42; ETA: 2:41:10; LR: 1.680e-04; seg_loss: 0.7890, diver_loss: 0.3602, dynamic_cam_loss: 0.6799
2025-03-09 04:51:26,335 - train_voc.py - INFO: Iter: 3400; Elasped: 0:32:05; ETA: 2:36:38; LR: 1.660e-04; seg_loss: 0.8034, diver_loss: 0.3624, dynamic_cam_loss: 0.6795
2025-03-09 04:52:49,749 - train_voc.py - INFO: Iter: 3600; Elasped: 0:33:28; ETA: 2:32:27; LR: 1.640e-04; seg_loss: 0.9890, diver_loss: 0.3641, dynamic_cam_loss: 0.7141
2025-03-09 04:54:11,991 - train_voc.py - INFO: Iter: 3800; Elasped: 0:34:50; ETA: 2:28:30; LR: 1.620e-04; seg_loss: 0.8556, diver_loss: 0.3795, dynamic_cam_loss: 0.7214
2025-03-09 04:55:35,295 - train_voc.py - INFO: Iter: 4000; Elasped: 0:36:14; ETA: 2:24:56; LR: 1.600e-04; seg_loss: 0.7112, diver_loss: 0.3651, dynamic_cam_loss: 0.6329
2025-03-09 04:55:35,295 - train_voc.py - INFO: Validating...
2025-03-09 05:04:05,272 - train_voc.py - INFO: 
+------------------+-----------------+-----------+
|      Class       | Attr_aff_Pseudo | Seg_Preds |
+==================+=================+===========+
| _background_     | 92.751          | 85.895    |
+------------------+-----------------+-----------+
| aeroplane        | 86.881          | 63.941    |
+------------------+-----------------+-----------+
| bicycle          | 50.291          | 41.800    |
+------------------+-----------------+-----------+
| bird             | 86.920          | 84.570    |
+------------------+-----------------+-----------+
| boat             | 73.393          | 55.954    |
+------------------+-----------------+-----------+
| bottle           | 74.549          | 57.470    |
+------------------+-----------------+-----------+
| bus              | 89.737          | 83.895    |
+------------------+-----------------+-----------+
| car              | 82.174          | 70.355    |
+------------------+-----------------+-----------+
| cat              | 93.589          | 86.625    |
+------------------+-----------------+-----------+
| chair            | 49.828          | 19.357    |
+------------------+-----------------+-----------+
| cow              | 90.601          | 69.601    |
+------------------+-----------------+-----------+
| diningtable      | 59.508          | 45.644    |
+------------------+-----------------+-----------+
| dog              | 90.953          | 84.727    |
+------------------+-----------------+-----------+
| horse            | 90.017          | 3.001     |
+------------------+-----------------+-----------+
| motorbike        | 81.492          | 66.464    |
+------------------+-----------------+-----------+
| person           | 79.180          | 74.906    |
+------------------+-----------------+-----------+
| pottedplant      | 53.204          | 38.568    |
+------------------+-----------------+-----------+
| sheep            | 92.575          | 68.574    |
+------------------+-----------------+-----------+
| sofa             | 67.441          | 0.337     |
+------------------+-----------------+-----------+
| train            | 82.892          | 70.460    |
+------------------+-----------------+-----------+
| tvmonitor        | 54.287          | 25.673    |
+------------------+-----------------+-----------+
| m-Precision      | 83.918          | 70.675    |
+------------------+-----------------+-----------+
| m-Recall         | 90.362          | 76.922    |
+------------------+-----------------+-----------+
| m-ConfutionRatio | 0.240           | 1.107     |
+------------------+-----------------+-----------+
| m-IoU            | 77.251          | 57.039    |
+------------------+-----------------+-----------+
2025-03-09 05:05:29,465 - train_voc.py - INFO: Iter: 4200; Elasped: 0:46:08; ETA: 2:53:32; LR: 1.580e-04; seg_loss: 0.6535, diver_loss: 0.3507, dynamic_cam_loss: 0.6084
2025-03-09 05:06:54,891 - train_voc.py - INFO: Iter: 4400; Elasped: 0:47:33; ETA: 2:48:35; LR: 1.560e-04; seg_loss: 0.7048, diver_loss: 0.3535, dynamic_cam_loss: 0.6481
2025-03-09 05:08:18,439 - train_voc.py - INFO: Iter: 4600; Elasped: 0:48:57; ETA: 2:43:52; LR: 1.540e-04; seg_loss: 0.7023, diver_loss: 0.3470, dynamic_cam_loss: 0.6303
2025-03-09 05:09:43,535 - train_voc.py - INFO: Iter: 4800; Elasped: 0:50:22; ETA: 2:39:29; LR: 1.520e-04; seg_loss: 0.7114, diver_loss: 0.3475, dynamic_cam_loss: 0.6493
2025-03-09 05:11:07,364 - train_voc.py - INFO: Iter: 5000; Elasped: 0:51:46; ETA: 2:35:18; LR: 1.500e-04; seg_loss: 0.6142, diver_loss: 0.3413, dynamic_cam_loss: 0.6012
2025-03-09 05:12:30,132 - train_voc.py - INFO: Iter: 5200; Elasped: 0:53:09; ETA: 2:31:16; LR: 1.480e-04; seg_loss: 0.7314, diver_loss: 0.3453, dynamic_cam_loss: 0.6438
2025-03-09 05:13:56,867 - train_voc.py - INFO: Iter: 5400; Elasped: 0:54:35; ETA: 2:27:34; LR: 1.460e-04; seg_loss: 0.6387, diver_loss: 0.3483, dynamic_cam_loss: 0.6056
2025-03-09 05:15:22,969 - train_voc.py - INFO: Iter: 5600; Elasped: 0:56:01; ETA: 2:24:02; LR: 1.440e-04; seg_loss: 0.6490, diver_loss: 0.3505, dynamic_cam_loss: 0.6114
2025-03-09 05:16:46,643 - train_voc.py - INFO: Iter: 5800; Elasped: 0:57:25; ETA: 2:20:34; LR: 1.420e-04; seg_loss: 0.5949, diver_loss: 0.3387, dynamic_cam_loss: 0.5618
2025-03-09 05:18:11,801 - train_voc.py - INFO: Iter: 6000; Elasped: 0:58:50; ETA: 2:17:16; LR: 1.400e-04; seg_loss: 0.6305, diver_loss: 0.3365, dynamic_cam_loss: 0.6299
2025-03-09 05:18:11,802 - train_voc.py - INFO: Validating...
2025-03-09 05:26:45,136 - train_voc.py - INFO: 
+------------------+-----------------+-----------+
|      Class       | Attr_aff_Pseudo | Seg_Preds |
+==================+=================+===========+
| _background_     | 93.126          | 88.758    |
+------------------+-----------------+-----------+
| aeroplane        | 89.884          | 80.500    |
+------------------+-----------------+-----------+
| bicycle          | 51.873          | 45.665    |
+------------------+-----------------+-----------+
| bird             | 85.904          | 86.305    |
+------------------+-----------------+-----------+
| boat             | 73.758          | 35.713    |
+------------------+-----------------+-----------+
| bottle           | 73.251          | 57.888    |
+------------------+-----------------+-----------+
| bus              | 90.043          | 86.026    |
+------------------+-----------------+-----------+
| car              | 82.683          | 70.156    |
+------------------+-----------------+-----------+
| cat              | 93.793          | 88.502    |
+------------------+-----------------+-----------+
| chair            | 48.552          | 19.778    |
+------------------+-----------------+-----------+
| cow              | 90.972          | 79.893    |
+------------------+-----------------+-----------+
| diningtable      | 67.487          | 55.217    |
+------------------+-----------------+-----------+
| dog              | 91.578          | 84.474    |
+------------------+-----------------+-----------+
| horse            | 90.281          | 73.474    |
+------------------+-----------------+-----------+
| motorbike        | 82.400          | 70.004    |
+------------------+-----------------+-----------+
| person           | 80.572          | 78.199    |
+------------------+-----------------+-----------+
| pottedplant      | 54.593          | 45.861    |
+------------------+-----------------+-----------+
| sheep            | 92.764          | 83.007    |
+------------------+-----------------+-----------+
| sofa             | 67.451          | 6.861     |
+------------------+-----------------+-----------+
| train            | 82.092          | 48.362    |
+------------------+-----------------+-----------+
| tvmonitor        | 55.916          | 50.578    |
+------------------+-----------------+-----------+
| m-Precision      | 84.337          | 76.806    |
+------------------+-----------------+-----------+
| m-Recall         | 90.686          | 77.781    |
+------------------+-----------------+-----------+
| m-ConfutionRatio | 0.230           | 0.568     |
+------------------+-----------------+-----------+
| m-IoU            | 78.046          | 63.582    |
+------------------+-----------------+-----------+
2025-03-09 05:28:08,144 - train_voc.py - INFO: Iter: 6200; Elasped: 1:08:47; ETA: 2:33:05; LR: 1.380e-04; seg_loss: 0.6183, diver_loss: 0.3324, dynamic_cam_loss: 0.5717
2025-03-09 05:29:31,454 - train_voc.py - INFO: Iter: 6400; Elasped: 1:10:10; ETA: 2:29:06; LR: 1.360e-04; seg_loss: 0.6038, diver_loss: 0.3339, dynamic_cam_loss: 0.6065
2025-03-09 05:30:56,041 - train_voc.py - INFO: Iter: 6600; Elasped: 1:11:35; ETA: 2:25:20; LR: 1.340e-04; seg_loss: 0.6569, diver_loss: 0.3277, dynamic_cam_loss: 0.6271
2025-03-09 05:32:20,822 - train_voc.py - INFO: Iter: 6800; Elasped: 1:12:59; ETA: 2:21:40; LR: 1.320e-04; seg_loss: 0.6353, diver_loss: 0.3309, dynamic_cam_loss: 0.6244
2025-03-09 05:33:43,405 - train_voc.py - INFO: Iter: 7000; Elasped: 1:14:22; ETA: 2:18:06; LR: 1.300e-04; seg_loss: 0.6031, diver_loss: 0.3248, dynamic_cam_loss: 0.6289
2025-03-09 05:35:06,697 - train_voc.py - INFO: Iter: 7200; Elasped: 1:15:45; ETA: 2:14:40; LR: 1.280e-04; seg_loss: 0.6619, diver_loss: 0.3194, dynamic_cam_loss: 0.6548
2025-03-09 05:36:29,840 - train_voc.py - INFO: Iter: 7400; Elasped: 1:17:08; ETA: 2:11:20; LR: 1.260e-04; seg_loss: 0.6115, diver_loss: 0.3253, dynamic_cam_loss: 0.6242
2025-03-09 05:37:52,903 - train_voc.py - INFO: Iter: 7600; Elasped: 1:18:31; ETA: 2:08:06; LR: 1.240e-04; seg_loss: 0.5817, diver_loss: 0.3193, dynamic_cam_loss: 0.5703
2025-03-09 05:39:17,012 - train_voc.py - INFO: Iter: 7800; Elasped: 1:19:56; ETA: 2:05:01; LR: 1.220e-04; seg_loss: 0.5971, diver_loss: 0.3174, dynamic_cam_loss: 0.6110
2025-03-09 05:40:40,799 - train_voc.py - INFO: Iter: 8000; Elasped: 1:21:19; ETA: 2:01:58; LR: 1.200e-04; seg_loss: 0.6425, diver_loss: 0.3232, dynamic_cam_loss: 0.5913
2025-03-09 05:40:40,800 - train_voc.py - INFO: Validating...
2025-03-09 05:49:02,686 - train_voc.py - INFO: 
+------------------+-----------------+-----------+
|      Class       | Attr_aff_Pseudo | Seg_Preds |
+==================+=================+===========+
| _background_     | 93.268          | 91.516    |
+------------------+-----------------+-----------+
| aeroplane        | 90.788          | 84.804    |
+------------------+-----------------+-----------+
| bicycle          | 49.607          | 40.389    |
+------------------+-----------------+-----------+
| bird             | 86.067          | 86.349    |
+------------------+-----------------+-----------+
| boat             | 75.580          | 68.241    |
+------------------+-----------------+-----------+
| bottle           | 79.760          | 48.302    |
+------------------+-----------------+-----------+
| bus              | 89.699          | 84.804    |
+------------------+-----------------+-----------+
| car              | 83.525          | 82.758    |
+------------------+-----------------+-----------+
| cat              | 93.667          | 88.807    |
+------------------+-----------------+-----------+
| chair            | 53.557          | 27.811    |
+------------------+-----------------+-----------+
| cow              | 88.888          | 29.483    |
+------------------+-----------------+-----------+
| diningtable      | 67.222          | 56.293    |
+------------------+-----------------+-----------+
| dog              | 91.538          | 82.241    |
+------------------+-----------------+-----------+
| horse            | 89.057          | 55.771    |
+------------------+-----------------+-----------+
| motorbike        | 82.186          | 79.625    |
+------------------+-----------------+-----------+
| person           | 79.557          | 80.499    |
+------------------+-----------------+-----------+
| pottedplant      | 54.204          | 53.872    |
+------------------+-----------------+-----------+
| sheep            | 92.742          | 73.363    |
+------------------+-----------------+-----------+
| sofa             | 72.277          | 49.805    |
+------------------+-----------------+-----------+
| train            | 84.299          | 78.662    |
+------------------+-----------------+-----------+
| tvmonitor        | 53.364          | 60.548    |
+------------------+-----------------+-----------+
| m-Precision      | 84.851          | 80.254    |
+------------------+-----------------+-----------+
| m-Recall         | 91.048          | 80.702    |
+------------------+-----------------+-----------+
| m-ConfutionRatio | 0.224           | 0.312     |
+------------------+-----------------+-----------+
| m-IoU            | 78.212          | 66.854    |
+------------------+-----------------+-----------+
2025-03-09 05:50:26,135 - train_voc.py - INFO: Iter: 8200; Elasped: 1:31:05; ETA: 2:11:04; LR: 1.180e-04; seg_loss: 0.6078, diver_loss: 0.3244, dynamic_cam_loss: 0.6291
2025-03-09 05:51:48,676 - train_voc.py - INFO: Iter: 8400; Elasped: 1:32:27; ETA: 2:07:40; LR: 1.160e-04; seg_loss: 0.5446, diver_loss: 0.3129, dynamic_cam_loss: 0.5669
2025-03-09 05:53:12,148 - train_voc.py - INFO: Iter: 8600; Elasped: 1:33:51; ETA: 2:04:24; LR: 1.140e-04; seg_loss: 0.5458, diver_loss: 0.3125, dynamic_cam_loss: 0.5863
2025-03-09 05:54:32,742 - train_voc.py - INFO: Iter: 8800; Elasped: 1:35:11; ETA: 2:01:08; LR: 1.120e-04; seg_loss: 0.5657, diver_loss: 0.3125, dynamic_cam_loss: 0.6085
2025-03-09 05:55:55,702 - train_voc.py - INFO: Iter: 9000; Elasped: 1:36:34; ETA: 1:58:01; LR: 1.100e-04; seg_loss: 0.5644, diver_loss: 0.3122, dynamic_cam_loss: 0.5904
2025-03-09 05:57:18,102 - train_voc.py - INFO: Iter: 9200; Elasped: 1:37:57; ETA: 1:54:59; LR: 1.080e-04; seg_loss: 0.5837, diver_loss: 0.3097, dynamic_cam_loss: 0.6187
2025-03-09 05:58:39,878 - train_voc.py - INFO: Iter: 9400; Elasped: 1:39:18; ETA: 1:51:58; LR: 1.060e-04; seg_loss: 0.6305, diver_loss: 0.3127, dynamic_cam_loss: 0.6258
2025-03-09 06:00:01,865 - train_voc.py - INFO: Iter: 9600; Elasped: 1:40:40; ETA: 1:49:03; LR: 1.040e-04; seg_loss: 0.6410, diver_loss: 0.3097, dynamic_cam_loss: 0.6286
2025-03-09 06:01:24,397 - train_voc.py - INFO: Iter: 9800; Elasped: 1:42:03; ETA: 1:46:12; LR: 1.020e-04; seg_loss: 0.5815, diver_loss: 0.3171, dynamic_cam_loss: 0.6162
2025-03-09 06:02:47,702 - train_voc.py - INFO: Iter: 10000; Elasped: 1:43:26; ETA: 1:43:26; LR: 1.000e-04; seg_loss: 0.5712, diver_loss: 0.3127, dynamic_cam_loss: 0.6045
2025-03-09 06:02:47,703 - train_voc.py - INFO: Validating...
2025-03-09 06:11:15,364 - train_voc.py - INFO: 
+------------------+-----------------+-----------+
|      Class       | Attr_aff_Pseudo | Seg_Preds |
+==================+=================+===========+
| _background_     | 92.588          | 91.794    |
+------------------+-----------------+-----------+
| aeroplane        | 89.483          | 85.139    |
+------------------+-----------------+-----------+
| bicycle          | 49.885          | 46.665    |
+------------------+-----------------+-----------+
| bird             | 85.583          | 73.753    |
+------------------+-----------------+-----------+
| boat             | 75.817          | 65.192    |
+------------------+-----------------+-----------+
| bottle           | 78.860          | 68.417    |
+------------------+-----------------+-----------+
| bus              | 91.064          | 87.089    |
+------------------+-----------------+-----------+
| car              | 82.676          | 83.336    |
+------------------+-----------------+-----------+
| cat              | 93.841          | 85.397    |
+------------------+-----------------+-----------+
| chair            | 46.950          | 26.689    |
+------------------+-----------------+-----------+
| cow              | 90.059          | 79.060    |
+------------------+-----------------+-----------+
| diningtable      | 57.384          | 31.106    |
+------------------+-----------------+-----------+
| dog              | 91.581          | 86.068    |
+------------------+-----------------+-----------+
| horse            | 89.723          | 81.286    |
+------------------+-----------------+-----------+
| motorbike        | 81.910          | 77.298    |
+------------------+-----------------+-----------+
| person           | 78.222          | 83.085    |
+------------------+-----------------+-----------+
| pottedplant      | 50.986          | 54.329    |
+------------------+-----------------+-----------+
| sheep            | 92.574          | 77.806    |
+------------------+-----------------+-----------+
| sofa             | 69.364          | 45.666    |
+------------------+-----------------+-----------+
| train            | 84.216          | 83.469    |
+------------------+-----------------+-----------+
| tvmonitor        | 51.550          | 54.190    |
+------------------+-----------------+-----------+
| m-Precision      | 83.918          | 80.514    |
+------------------+-----------------+-----------+
| m-Recall         | 90.122          | 84.419    |
+------------------+-----------------+-----------+
| m-ConfutionRatio | 0.249           | 0.339     |
+------------------+-----------------+-----------+
| m-IoU            | 77.348          | 69.849    |
+------------------+-----------------+-----------+
2025-03-09 06:12:40,438 - train_voc.py - INFO: Iter: 10200; Elasped: 1:53:19; ETA: 1:48:52; LR: 9.801e-05; seg_loss: 0.5337, diver_loss: 0.3116, dynamic_cam_loss: 0.5926
2025-03-09 06:14:03,598 - train_voc.py - INFO: Iter: 10400; Elasped: 1:54:42; ETA: 1:45:52; LR: 9.601e-05; seg_loss: 0.6535, diver_loss: 0.3071, dynamic_cam_loss: 0.5828
2025-03-09 06:15:30,188 - train_voc.py - INFO: Iter: 10600; Elasped: 1:56:09; ETA: 1:43:00; LR: 9.401e-05; seg_loss: 0.5645, diver_loss: 0.3092, dynamic_cam_loss: 0.5871
2025-03-09 06:16:50,091 - train_voc.py - INFO: Iter: 10800; Elasped: 1:57:29; ETA: 1:40:04; LR: 9.201e-05; seg_loss: 0.5579, diver_loss: 0.3157, dynamic_cam_loss: 0.6137
2025-03-09 06:18:13,468 - train_voc.py - INFO: Iter: 11000; Elasped: 1:58:52; ETA: 1:37:15; LR: 9.001e-05; seg_loss: 0.5735, diver_loss: 0.3100, dynamic_cam_loss: 0.6067
2025-03-09 06:19:37,314 - train_voc.py - INFO: Iter: 11200; Elasped: 2:00:16; ETA: 1:34:29; LR: 8.801e-05; seg_loss: 0.5737, diver_loss: 0.3062, dynamic_cam_loss: 0.5668
2025-03-09 06:20:59,208 - train_voc.py - INFO: Iter: 11400; Elasped: 2:01:38; ETA: 1:31:45; LR: 8.601e-05; seg_loss: 0.5639, diver_loss: 0.3036, dynamic_cam_loss: 0.5969
2025-03-09 06:22:19,302 - train_voc.py - INFO: Iter: 11600; Elasped: 2:02:58; ETA: 1:29:02; LR: 8.401e-05; seg_loss: 0.5252, diver_loss: 0.3007, dynamic_cam_loss: 0.5715
2025-03-09 06:23:41,556 - train_voc.py - INFO: Iter: 11800; Elasped: 2:04:20; ETA: 1:26:24; LR: 8.201e-05; seg_loss: 0.5322, diver_loss: 0.3078, dynamic_cam_loss: 0.5872
2025-03-09 06:25:03,617 - train_voc.py - INFO: Iter: 12000; Elasped: 2:05:42; ETA: 1:23:48; LR: 8.001e-05; seg_loss: 0.5303, diver_loss: 0.3017, dynamic_cam_loss: 0.5442
2025-03-09 06:25:03,618 - train_voc.py - INFO: Validating...
2025-03-09 06:33:23,647 - train_voc.py - INFO: 
+------------------+-----------------+-----------+
|      Class       | Attr_aff_Pseudo | Seg_Preds |
+==================+=================+===========+
| _background_     | 93.229          | 82.300    |
+------------------+-----------------+-----------+
| aeroplane        | 89.199          | 76.156    |
+------------------+-----------------+-----------+
| bicycle          | 49.281          | 44.229    |
+------------------+-----------------+-----------+
| bird             | 85.519          | 87.127    |
+------------------+-----------------+-----------+
| boat             | 76.525          | 60.474    |
+------------------+-----------------+-----------+
| bottle           | 79.648          | 67.862    |
+------------------+-----------------+-----------+
| bus              | 90.070          | 84.437    |
+------------------+-----------------+-----------+
| car              | 83.559          | 77.790    |
+------------------+-----------------+-----------+
| cat              | 93.682          | 89.504    |
+------------------+-----------------+-----------+
| chair            | 54.411          | 31.773    |
+------------------+-----------------+-----------+
| cow              | 89.793          | 86.022    |
+------------------+-----------------+-----------+
| diningtable      | 62.360          | 55.921    |
+------------------+-----------------+-----------+
| dog              | 92.024          | 87.530    |
+------------------+-----------------+-----------+
| horse            | 89.837          | 81.531    |
+------------------+-----------------+-----------+
| motorbike        | 81.855          | 76.065    |
+------------------+-----------------+-----------+
| person           | 79.214          | 36.655    |
+------------------+-----------------+-----------+
| pottedplant      | 51.718          | 56.482    |
+------------------+-----------------+-----------+
| sheep            | 92.817          | 84.477    |
+------------------+-----------------+-----------+
| sofa             | 72.193          | 53.755    |
+------------------+-----------------+-----------+
| train            | 85.251          | 75.982    |
+------------------+-----------------+-----------+
| tvmonitor        | 53.058          | 51.468    |
+------------------+-----------------+-----------+
| m-Precision      | 84.918          | 76.387    |
+------------------+-----------------+-----------+
| m-Recall         | 90.608          | 86.969    |
+------------------+-----------------+-----------+
| m-ConfutionRatio | 0.226           | 0.415     |
+------------------+-----------------+-----------+
| m-IoU            | 78.245          | 68.930    |
+------------------+-----------------+-----------+
2025-03-09 06:34:48,054 - train_voc.py - INFO: Iter: 12200; Elasped: 2:15:27; ETA: 1:26:35; LR: 7.801e-05; seg_loss: 0.5683, diver_loss: 0.3013, dynamic_cam_loss: 0.6160
2025-03-09 06:36:08,672 - train_voc.py - INFO: Iter: 12400; Elasped: 2:16:47; ETA: 1:23:50; LR: 7.601e-05; seg_loss: 0.5180, diver_loss: 0.3023, dynamic_cam_loss: 0.5855
2025-03-09 06:37:29,575 - train_voc.py - INFO: Iter: 12600; Elasped: 2:18:08; ETA: 1:21:07; LR: 7.401e-05; seg_loss: 0.4899, diver_loss: 0.3012, dynamic_cam_loss: 0.5698
2025-03-09 06:38:51,581 - train_voc.py - INFO: Iter: 12800; Elasped: 2:19:30; ETA: 1:18:28; LR: 7.201e-05; seg_loss: 0.5155, diver_loss: 0.2987, dynamic_cam_loss: 0.5761
2025-03-09 06:40:12,278 - train_voc.py - INFO: Iter: 13000; Elasped: 2:20:51; ETA: 1:15:50; LR: 7.001e-05; seg_loss: 0.5048, diver_loss: 0.2995, dynamic_cam_loss: 0.5744
2025-03-09 06:41:34,426 - train_voc.py - INFO: Iter: 13200; Elasped: 2:22:13; ETA: 1:13:15; LR: 6.801e-05; seg_loss: 0.5298, diver_loss: 0.2990, dynamic_cam_loss: 0.6057
2025-03-09 06:43:00,970 - train_voc.py - INFO: Iter: 13400; Elasped: 2:23:39; ETA: 1:10:45; LR: 6.601e-05; seg_loss: 0.5156, diver_loss: 0.3050, dynamic_cam_loss: 0.5849
2025-03-09 06:44:23,773 - train_voc.py - INFO: Iter: 13600; Elasped: 2:25:02; ETA: 1:08:15; LR: 6.401e-05; seg_loss: 0.4765, diver_loss: 0.2964, dynamic_cam_loss: 0.5478
2025-03-09 06:45:47,624 - train_voc.py - INFO: Iter: 13800; Elasped: 2:26:26; ETA: 1:05:47; LR: 6.201e-05; seg_loss: 0.4656, diver_loss: 0.2894, dynamic_cam_loss: 0.5528
2025-03-09 06:47:12,124 - train_voc.py - INFO: Iter: 14000; Elasped: 2:27:51; ETA: 1:03:21; LR: 6.001e-05; seg_loss: 0.5065, diver_loss: 0.2932, dynamic_cam_loss: 0.5799
2025-03-09 06:47:12,125 - train_voc.py - INFO: Validating...
2025-03-09 06:55:40,300 - train_voc.py - INFO: 
+------------------+-----------------+-----------+
|      Class       | Attr_aff_Pseudo | Seg_Preds |
+==================+=================+===========+
| _background_     | 93.088          | 91.465    |
+------------------+-----------------+-----------+
| aeroplane        | 87.126          | 80.963    |
+------------------+-----------------+-----------+
| bicycle          | 47.355          | 45.735    |
+------------------+-----------------+-----------+
| bird             | 85.535          | 86.435    |
+------------------+-----------------+-----------+
| boat             | 76.527          | 36.408    |
+------------------+-----------------+-----------+
| bottle           | 80.396          | 71.266    |
+------------------+-----------------+-----------+
| bus              | 90.909          | 87.545    |
+------------------+-----------------+-----------+
| car              | 82.758          | 81.928    |
+------------------+-----------------+-----------+
| cat              | 93.503          | 89.128    |
+------------------+-----------------+-----------+
| chair            | 53.258          | 37.057    |
+------------------+-----------------+-----------+
| cow              | 90.640          | 86.894    |
+------------------+-----------------+-----------+
| diningtable      | 60.303          | 61.065    |
+------------------+-----------------+-----------+
| dog              | 91.868          | 85.886    |
+------------------+-----------------+-----------+
| horse            | 89.838          | 83.123    |
+------------------+-----------------+-----------+
| motorbike        | 81.751          | 80.464    |
+------------------+-----------------+-----------+
| person           | 77.776          | 82.710    |
+------------------+-----------------+-----------+
| pottedplant      | 52.672          | 51.752    |
+------------------+-----------------+-----------+
| sheep            | 93.460          | 84.525    |
+------------------+-----------------+-----------+
| sofa             | 73.383          | 53.419    |
+------------------+-----------------+-----------+
| train            | 86.426          | 85.434    |
+------------------+-----------------+-----------+
| tvmonitor        | 51.521          | 60.100    |
+------------------+-----------------+-----------+
| m-Precision      | 84.430          | 79.286    |
+------------------+-----------------+-----------+
| m-Recall         | 90.724          | 88.952    |
+------------------+-----------------+-----------+
| m-ConfutionRatio | 0.237           | 0.350     |
+------------------+-----------------+-----------+
| m-IoU            | 78.100          | 72.538    |
+------------------+-----------------+-----------+
2025-03-09 06:57:05,925 - train_voc.py - INFO: Iter: 14200; Elasped: 2:37:44; ETA: 1:04:25; LR: 5.801e-05; seg_loss: 0.4936, diver_loss: 0.2952, dynamic_cam_loss: 0.5696
2025-03-09 06:58:29,067 - train_voc.py - INFO: Iter: 14400; Elasped: 2:39:08; ETA: 1:01:53; LR: 5.601e-05; seg_loss: 0.5246, diver_loss: 0.2955, dynamic_cam_loss: 0.6017
2025-03-09 06:59:53,168 - train_voc.py - INFO: Iter: 14600; Elasped: 2:40:32; ETA: 0:59:22; LR: 5.401e-05; seg_loss: 0.5230, diver_loss: 0.2957, dynamic_cam_loss: 0.5850
2025-03-09 07:01:17,198 - train_voc.py - INFO: Iter: 14800; Elasped: 2:41:56; ETA: 0:56:53; LR: 5.201e-05; seg_loss: 0.5160, diver_loss: 0.2965, dynamic_cam_loss: 0.5662
2025-03-09 07:02:41,145 - train_voc.py - INFO: Iter: 15000; Elasped: 2:43:20; ETA: 0:54:26; LR: 5.001e-05; seg_loss: 0.5305, diver_loss: 0.2972, dynamic_cam_loss: 0.6220
2025-03-09 07:04:06,059 - train_voc.py - INFO: Iter: 15200; Elasped: 2:44:45; ETA: 0:52:01; LR: 4.801e-05; seg_loss: 0.4765, diver_loss: 0.2915, dynamic_cam_loss: 0.5887
2025-03-09 07:05:28,933 - train_voc.py - INFO: Iter: 15400; Elasped: 2:46:07; ETA: 0:49:37; LR: 4.601e-05; seg_loss: 0.4315, diver_loss: 0.2916, dynamic_cam_loss: 0.5467
2025-03-09 07:06:53,293 - train_voc.py - INFO: Iter: 15600; Elasped: 2:47:32; ETA: 0:47:15; LR: 4.401e-05; seg_loss: 0.4407, diver_loss: 0.2896, dynamic_cam_loss: 0.5380
2025-03-09 07:08:18,984 - train_voc.py - INFO: Iter: 15800; Elasped: 2:48:57; ETA: 0:44:54; LR: 4.201e-05; seg_loss: 0.4778, diver_loss: 0.2907, dynamic_cam_loss: 0.5747
2025-03-09 07:09:44,103 - train_voc.py - INFO: Iter: 16000; Elasped: 2:50:23; ETA: 0:42:35; LR: 4.001e-05; seg_loss: 0.4688, diver_loss: 0.2920, dynamic_cam_loss: 0.5942
2025-03-09 07:09:44,104 - train_voc.py - INFO: Validating...
2025-03-09 07:18:05,946 - train_voc.py - INFO: 
+------------------+-----------------+-----------+
|      Class       | Attr_aff_Pseudo | Seg_Preds |
+==================+=================+===========+
| _background_     | 92.835          | 92.882    |
+------------------+-----------------+-----------+
| aeroplane        | 85.075          | 81.607    |
+------------------+-----------------+-----------+
| bicycle          | 47.847          | 48.321    |
+------------------+-----------------+-----------+
| bird             | 84.860          | 89.167    |
+------------------+-----------------+-----------+
| boat             | 76.655          | 75.255    |
+------------------+-----------------+-----------+
| bottle           | 76.629          | 68.394    |
+------------------+-----------------+-----------+
| bus              | 89.672          | 87.926    |
+------------------+-----------------+-----------+
| car              | 83.156          | 84.244    |
+------------------+-----------------+-----------+
| cat              | 93.503          | 89.800    |
+------------------+-----------------+-----------+
| chair            | 55.331          | 37.122    |
+------------------+-----------------+-----------+
| cow              | 89.448          | 82.439    |
+------------------+-----------------+-----------+
| diningtable      | 56.148          | 48.764    |
+------------------+-----------------+-----------+
| dog              | 91.482          | 86.215    |
+------------------+-----------------+-----------+
| horse            | 89.696          | 84.604    |
+------------------+-----------------+-----------+
| motorbike        | 82.418          | 81.121    |
+------------------+-----------------+-----------+
| person           | 76.712          | 79.951    |
+------------------+-----------------+-----------+
| pottedplant      | 52.471          | 58.735    |
+------------------+-----------------+-----------+
| sheep            | 92.926          | 88.005    |
+------------------+-----------------+-----------+
| sofa             | 73.009          | 59.198    |
+------------------+-----------------+-----------+
| train            | 84.121          | 85.343    |
+------------------+-----------------+-----------+
| tvmonitor        | 51.065          | 61.358    |
+------------------+-----------------+-----------+
| m-Precision      | 85.168          | 85.274    |
+------------------+-----------------+-----------+
| m-Recall         | 89.015          | 84.980    |
+------------------+-----------------+-----------+
| m-ConfutionRatio | 0.223           | 0.216     |
+------------------+-----------------+-----------+
| m-IoU            | 77.384          | 74.783    |
+------------------+-----------------+-----------+
2025-03-09 07:19:27,284 - train_voc.py - INFO: Iter: 16200; Elasped: 3:00:06; ETA: 0:42:14; LR: 3.801e-05; seg_loss: 0.4990, diver_loss: 0.2958, dynamic_cam_loss: 0.5835
2025-03-09 07:20:48,389 - train_voc.py - INFO: Iter: 16400; Elasped: 3:01:27; ETA: 0:39:49; LR: 3.601e-05; seg_loss: 0.4474, diver_loss: 0.2886, dynamic_cam_loss: 0.5460
2025-03-09 07:22:10,038 - train_voc.py - INFO: Iter: 16600; Elasped: 3:02:49; ETA: 0:37:26; LR: 3.401e-05; seg_loss: 0.4741, diver_loss: 0.2950, dynamic_cam_loss: 0.5892
2025-03-09 07:23:30,484 - train_voc.py - INFO: Iter: 16800; Elasped: 3:04:09; ETA: 0:35:04; LR: 3.201e-05; seg_loss: 0.4650, diver_loss: 0.2925, dynamic_cam_loss: 0.5618
2025-03-09 07:24:52,594 - train_voc.py - INFO: Iter: 17000; Elasped: 3:05:31; ETA: 0:32:44; LR: 3.001e-05; seg_loss: 0.4806, diver_loss: 0.2980, dynamic_cam_loss: 0.5882
2025-03-09 07:26:14,391 - train_voc.py - INFO: Iter: 17200; Elasped: 3:06:53; ETA: 0:30:25; LR: 2.801e-05; seg_loss: 0.4515, diver_loss: 0.2888, dynamic_cam_loss: 0.5556
2025-03-09 07:27:36,102 - train_voc.py - INFO: Iter: 17400; Elasped: 3:08:15; ETA: 0:28:07; LR: 2.601e-05; seg_loss: 0.4174, diver_loss: 0.2863, dynamic_cam_loss: 0.5337
2025-03-09 07:28:57,906 - train_voc.py - INFO: Iter: 17600; Elasped: 3:09:36; ETA: 0:25:51; LR: 2.401e-05; seg_loss: 0.4746, diver_loss: 0.2895, dynamic_cam_loss: 0.5800
2025-03-09 07:30:20,587 - train_voc.py - INFO: Iter: 17800; Elasped: 3:10:59; ETA: 0:23:36; LR: 2.201e-05; seg_loss: 0.4234, diver_loss: 0.2885, dynamic_cam_loss: 0.5439
2025-03-09 07:31:41,717 - train_voc.py - INFO: Iter: 18000; Elasped: 3:12:20; ETA: 0:21:22; LR: 2.001e-05; seg_loss: 0.4578, diver_loss: 0.2890, dynamic_cam_loss: 0.5753
2025-03-09 07:31:41,717 - train_voc.py - INFO: Validating...
2025-03-09 07:40:01,171 - train_voc.py - INFO: 
+------------------+-----------------+-----------+
|      Class       | Attr_aff_Pseudo | Seg_Preds |
+==================+=================+===========+
| _background_     | 92.957          | 92.540    |
+------------------+-----------------+-----------+
| aeroplane        | 84.920          | 81.743    |
+------------------+-----------------+-----------+
| bicycle          | 48.069          | 47.449    |
+------------------+-----------------+-----------+
| bird             | 84.560          | 88.344    |
+------------------+-----------------+-----------+
| boat             | 77.666          | 74.119    |
+------------------+-----------------+-----------+
| bottle           | 77.989          | 72.350    |
+------------------+-----------------+-----------+
| bus              | 89.277          | 88.582    |
+------------------+-----------------+-----------+
| car              | 83.398          | 85.812    |
+------------------+-----------------+-----------+
| cat              | 93.955          | 90.275    |
+------------------+-----------------+-----------+
| chair            | 54.932          | 38.823    |
+------------------+-----------------+-----------+
| cow              | 89.707          | 85.124    |
+------------------+-----------------+-----------+
| diningtable      | 58.754          | 41.698    |
+------------------+-----------------+-----------+
| dog              | 92.005          | 86.263    |
+------------------+-----------------+-----------+
| horse            | 89.861          | 85.786    |
+------------------+-----------------+-----------+
| motorbike        | 82.214          | 81.661    |
+------------------+-----------------+-----------+
| person           | 76.588          | 76.867    |
+------------------+-----------------+-----------+
| pottedplant      | 51.141          | 59.941    |
+------------------+-----------------+-----------+
| sheep            | 92.947          | 87.853    |
+------------------+-----------------+-----------+
| sofa             | 72.725          | 60.760    |
+------------------+-----------------+-----------+
| train            | 84.645          | 85.684    |
+------------------+-----------------+-----------+
| tvmonitor        | 53.980          | 57.984    |
+------------------+-----------------+-----------+
| m-Precision      | 85.474          | 84.442    |
+------------------+-----------------+-----------+
| m-Recall         | 89.183          | 85.929    |
+------------------+-----------------+-----------+
| m-ConfutionRatio | 0.217           | 0.218     |
+------------------+-----------------+-----------+
| m-IoU            | 77.728          | 74.746    |
+------------------+-----------------+-----------+
2025-03-09 07:41:22,276 - train_voc.py - INFO: Iter: 18200; Elasped: 3:22:01; ETA: 0:19:58; LR: 1.801e-05; seg_loss: 0.4293, diver_loss: 0.2868, dynamic_cam_loss: 0.5510
2025-03-09 07:42:43,039 - train_voc.py - INFO: Iter: 18400; Elasped: 3:23:22; ETA: 0:17:41; LR: 1.601e-05; seg_loss: 0.4705, diver_loss: 0.2927, dynamic_cam_loss: 0.5861
2025-03-09 07:44:06,420 - train_voc.py - INFO: Iter: 18600; Elasped: 3:24:45; ETA: 0:15:24; LR: 1.401e-05; seg_loss: 0.4507, diver_loss: 0.2893, dynamic_cam_loss: 0.5895
2025-03-09 07:45:28,403 - train_voc.py - INFO: Iter: 18800; Elasped: 3:26:07; ETA: 0:13:09; LR: 1.201e-05; seg_loss: 0.4705, diver_loss: 0.2923, dynamic_cam_loss: 0.6053
2025-03-09 07:46:51,030 - train_voc.py - INFO: Iter: 19000; Elasped: 3:27:30; ETA: 0:10:55; LR: 1.001e-05; seg_loss: 0.4063, diver_loss: 0.2839, dynamic_cam_loss: 0.5236
2025-03-09 07:48:12,799 - train_voc.py - INFO: Iter: 19200; Elasped: 3:28:51; ETA: 0:08:42; LR: 8.010e-06; seg_loss: 0.4483, diver_loss: 0.2892, dynamic_cam_loss: 0.5757
2025-03-09 07:49:37,634 - train_voc.py - INFO: Iter: 19400; Elasped: 3:30:16; ETA: 0:06:30; LR: 6.010e-06; seg_loss: 0.4654, diver_loss: 0.2882, dynamic_cam_loss: 0.5890
2025-03-09 07:51:02,415 - train_voc.py - INFO: Iter: 19600; Elasped: 3:31:41; ETA: 0:04:19; LR: 4.010e-06; seg_loss: 0.4645, diver_loss: 0.2884, dynamic_cam_loss: 0.5963
2025-03-09 07:52:23,788 - train_voc.py - INFO: Iter: 19800; Elasped: 3:33:02; ETA: 0:02:09; LR: 2.010e-06; seg_loss: 0.4428, diver_loss: 0.2903, dynamic_cam_loss: 0.5830
2025-03-09 07:53:47,127 - train_voc.py - INFO: Iter: 20000; Elasped: 3:34:26; ETA: 0:00:00; LR: 1.000e-08; seg_loss: 0.4519, diver_loss: 0.2867, dynamic_cam_loss: 0.5925
2025-03-09 07:53:47,128 - train_voc.py - INFO: Validating...
2025-03-09 08:02:11,789 - train_voc.py - INFO: 
+------------------+-----------------+-----------+
|      Class       | Attr_aff_Pseudo | Seg_Preds |
+==================+=================+===========+
| _background_     | 92.833          | 92.880    |
+------------------+-----------------+-----------+
| aeroplane        | 84.894          | 82.166    |
+------------------+-----------------+-----------+
| bicycle          | 48.359          | 46.886    |
+------------------+-----------------+-----------+
| bird             | 84.778          | 88.907    |
+------------------+-----------------+-----------+
| boat             | 76.455          | 73.219    |
+------------------+-----------------+-----------+
| bottle           | 78.660          | 72.157    |
+------------------+-----------------+-----------+
| bus              | 89.773          | 88.187    |
+------------------+-----------------+-----------+
| car              | 83.565          | 85.663    |
+------------------+-----------------+-----------+
| cat              | 93.762          | 90.291    |
+------------------+-----------------+-----------+
| chair            | 53.890          | 40.073    |
+------------------+-----------------+-----------+
| cow              | 89.934          | 87.275    |
+------------------+-----------------+-----------+
| diningtable      | 57.190          | 52.043    |
+------------------+-----------------+-----------+
| dog              | 91.755          | 87.466    |
+------------------+-----------------+-----------+
| horse            | 89.931          | 85.858    |
+------------------+-----------------+-----------+
| motorbike        | 82.113          | 81.669    |
+------------------+-----------------+-----------+
| person           | 75.281          | 79.493    |
+------------------+-----------------+-----------+
| pottedplant      | 50.971          | 58.945    |
+------------------+-----------------+-----------+
| sheep            | 92.637          | 88.215    |
+------------------+-----------------+-----------+
| sofa             | 72.818          | 58.823    |
+------------------+-----------------+-----------+
| train            | 84.734          | 85.409    |
+------------------+-----------------+-----------+
| tvmonitor        | 54.556          | 60.235    |
+------------------+-----------------+-----------+
| m-Precision      | 85.405          | 84.523    |
+------------------+-----------------+-----------+
| m-Recall         | 88.951          | 86.712    |
+------------------+-----------------+-----------+
| m-ConfutionRatio | 0.217           | 0.226     |
+------------------+-----------------+-----------+
| m-IoU            | 77.566          | 75.517    |
+------------------+-----------------+-----------+